<?xml version="1.0" encoding="UTF-8"?>
<!-- Generated by org.testng.reporters.JUnitReportReporter -->
<testsuite skipped="0" hostname="DESKTOP-5R5M6V1" name="mavenprojectpractice.AppiumTest" tests="2" failures="0" timestamp="06 Sep 2021 12:27:04 GMT" time="0.025" errors="0">
  <testcase name="IOSApps" time="0.002" classname="mavenprojectpractice.AppiumTest"/>
  <testcase name="Androidapps" time="0.023" classname="mavenprojectpractice.AppiumTest"/>
</testsuite> <!-- mavenprojectpractice.AppiumTest -->
