<?xml version="1.0" encoding="UTF-8"?>
<!-- Generated by org.testng.reporters.JUnitReportReporter -->
<testsuite skipped="0" hostname="DESKTOP-5R5M6V1" name="mavenprojectpractice.SeleniumTest" tests="1" failures="0" timestamp="06 Sep 2021 12:08:31 GMT" time="0.001" errors="0">
  <testcase name="Browserrestart" time="0.001" classname="mavenprojectpractice.SeleniumTest"/>
</testsuite> <!-- mavenprojectpractice.SeleniumTest -->
