<?xml version="1.0" encoding="UTF-8"?>
<!-- Generated by org.testng.reporters.JUnitReportReporter -->
<testsuite skipped="0" hostname="DESKTOP-5R5M6V1" name="mavenprojectpractice.ApiTest" tests="2" failures="0" timestamp="06 Sep 2021 12:27:04 GMT" time="0.001" errors="0">
  <testcase name="deleteTwitter" time="0.000" classname="mavenprojectpractice.ApiTest"/>
  <testcase name="postJira" time="0.001" classname="mavenprojectpractice.ApiTest"/>
</testsuite> <!-- mavenprojectpractice.ApiTest -->
